Using pre-set license
Built from '2021.3/staging' branch; Version is '2021.3.9f1 (ad3870b89536) revision 11352176'; Using compiler version '192829333'; Build Type 'Release'
OS: 'Windows 10  (10.0.19043) 64bit Professional' Language: 'fr' Physical Memory: 32473 MB
BatchMode: 1, IsHumanControllingUs: 0, StartBugReporterOnCrash: 0, Is64bit: 1, IsPro: 1

COMMAND LINE ARGUMENTS:
C:\Program Files\Unity\Hub\Editor\2021.3.9f1\Editor\Unity.exe
-adb2
-batchMode
-noUpm
-name
AssetImportWorker2
-projectPath
C:/Users/GAME2/Documents/GitHub/CrossJam/Crossjam
-logFile
Logs/AssetImportWorker2.log
-srvPort
62257
Successfully changed project path to: C:/Users/GAME2/Documents/GitHub/CrossJam/Crossjam
C:/Users/GAME2/Documents/GitHub/CrossJam/Crossjam
[UnityMemory] Configuration Parameters - Can be set up in boot.config
    "memorysetup-bucket-allocator-granularity=16"
    "memorysetup-bucket-allocator-bucket-count=8"
    "memorysetup-bucket-allocator-block-size=33554432"
    "memorysetup-bucket-allocator-block-count=8"
    "memorysetup-main-allocator-block-size=16777216"
    "memorysetup-thread-allocator-block-size=16777216"
    "memorysetup-gfx-main-allocator-block-size=16777216"
    "memorysetup-gfx-thread-allocator-block-size=16777216"
    "memorysetup-cache-allocator-block-size=4194304"
    "memorysetup-typetree-allocator-block-size=2097152"
    "memorysetup-profiler-bucket-allocator-granularity=16"
    "memorysetup-profiler-bucket-allocator-bucket-count=8"
    "memorysetup-profiler-bucket-allocator-block-size=33554432"
    "memorysetup-profiler-bucket-allocator-block-count=8"
    "memorysetup-profiler-allocator-block-size=16777216"
    "memorysetup-profiler-editor-allocator-block-size=1048576"
    "memorysetup-temp-allocator-size-main=16777216"
    "memorysetup-job-temp-allocator-block-size=2097152"
    "memorysetup-job-temp-allocator-block-size-background=1048576"
    "memorysetup-job-temp-allocator-reduction-small-platforms=262144"
    "memorysetup-temp-allocator-size-background-worker=32768"
    "memorysetup-temp-allocator-size-job-worker=262144"
    "memorysetup-temp-allocator-size-preload-manager=33554432"
    "memorysetup-temp-allocator-size-nav-mesh-worker=65536"
    "memorysetup-temp-allocator-size-audio-worker=65536"
    "memorysetup-temp-allocator-size-cloud-worker=32768"
    "memorysetup-temp-allocator-size-gi-baking-worker=262144"
    "memorysetup-temp-allocator-size-gfx=262144"
Refreshing native plugins compatible for Editor in 76.32 ms, found 3 plugins.
Preloading 0 native plugins for Editor in 0.00 ms.
Initialize engine version: 2021.3.9f1 (ad3870b89536)
[Subsystems] Discovering subsystems at path C:/Program Files/Unity/Hub/Editor/2021.3.9f1/Editor/Data/Resources/UnitySubsystems
[Subsystems] Discovering subsystems at path C:/Users/GAME2/Documents/GitHub/CrossJam/Crossjam/Assets
GfxDevice: creating device client; threaded=0; jobified=0
Direct3D:
    Version:  Direct3D 11.0 [level 11.1]
    Renderer: NVIDIA GeForce RTX 3070 (ID=0x2488)
    Vendor:   NVIDIA
    VRAM:     8043 MB
    Driver:   30.0.15.1295
Initialize mono
Mono path[0] = 'C:/Program Files/Unity/Hub/Editor/2021.3.9f1/Editor/Data/Managed'
Mono path[1] = 'C:/Program Files/Unity/Hub/Editor/2021.3.9f1/Editor/Data/MonoBleedingEdge/lib/mono/unityjit-win32'
Mono config path = 'C:/Program Files/Unity/Hub/Editor/2021.3.9f1/Editor/Data/MonoBleedingEdge/etc'
Using monoOptions --debugger-agent=transport=dt_socket,embedding=1,server=y,suspend=n,address=127.0.0.1:56076
Begin MonoManager ReloadAssembly
Registering precompiled unity dll's ...
Register platform support module: C:/Program Files/Unity/Hub/Editor/2021.3.9f1/Editor/Data/PlaybackEngines/WebGLSupport/UnityEditor.WebGL.Extensions.dll
Register platform support module: C:/Program Files/Unity/Hub/Editor/2021.3.9f1/Editor/Data/PlaybackEngines/AndroidPlayer/UnityEditor.Android.Extensions.dll
Register platform support module: C:/Program Files/Unity/Hub/Editor/2021.3.9f1/Editor/Data/PlaybackEngines/WindowsStandaloneSupport/UnityEditor.WindowsStandalone.Extensions.dll
Register platform support module: C:/Program Files/Unity/Hub/Editor/2021.3.9f1/Editor/Data/PlaybackEngines/MetroSupport/UnityEditor.UWP.Extensions.dll
Registered in 0.005287 seconds.
Native extension for UWP target not found
Native extension for WindowsStandalone target not found
Native extension for Android target not found
Native extension for WebGL target not found
Refreshing native plugins compatible for Editor in 77.63 ms, found 3 plugins.
Preloading 0 native plugins for Editor in 0.00 ms.
Mono: successfully reloaded assembly
- Completed reload, in  0.622 seconds
Domain Reload Profiling:
	ReloadAssembly (623ms)
		BeginReloadAssembly (69ms)
			ExecutionOrderSort (0ms)
			DisableScriptedObjects (0ms)
			BackupInstance (0ms)
			ReleaseScriptingObjects (0ms)
			CreateAndSetChildDomain (1ms)
		EndReloadAssembly (451ms)
			LoadAssemblies (69ms)
			RebuildTransferFunctionScriptingTraits (0ms)
			SetupTypeCache (95ms)
			ReleaseScriptCaches (0ms)
			RebuildScriptCaches (27ms)
			SetupLoadedEditorAssemblies (282ms)
				LogAssemblyErrors (0ms)
				InitializePlatformSupportModulesInManaged (56ms)
				SetLoadedEditorAssemblies (0ms)
				RefreshPlugins (78ms)
				BeforeProcessingInitializeOnLoad (2ms)
				ProcessInitializeOnLoadAttributes (104ms)
				ProcessInitializeOnLoadMethodAttributes (43ms)
				AfterProcessingInitializeOnLoad (0ms)
				EditorAssembliesLoaded (0ms)
			ExecutionOrderSort2 (0ms)
			AwakeInstancesAfterBackupRestoration (0ms)
Platform modules already initialized, skipping
Registering precompiled user dll's ...
Registered in 0.003999 seconds.
Begin MonoManager ReloadAssembly
Native extension for UWP target not found
Native extension for WindowsStandalone target not found
Native extension for Android target not found
Native extension for WebGL target not found
Refreshing native plugins compatible for Editor in 0.57 ms, found 3 plugins.
Preloading 0 native plugins for Editor in 0.00 ms.
System.Exception: Error! Visual Scripting: couldn't find visual scripting package
  at Unity.VisualScripting.PackageVersionUtility.get_version () [0x00043] in C:\Users\GAME2\Documents\GitHub\CrossJam\Crossjam\Library\PackageCache\com.unity.visualscripting@1.7.8\Editor\VisualScripting.Core\Utilities\PackageVersionUtility.cs:31 
  at Unity.VisualScripting.BoltCoreManifest.get_version () [0x00000] in C:\Users\GAME2\Documents\GitHub\CrossJam\Crossjam\Library\PackageCache\com.unity.visualscripting@1.7.8\Editor\VisualScripting.Core\Plugin\BoltCoreManifest.cs:11 
  at Unity.VisualScripting.PluginManifest.get_currentVersion () [0x00000] in C:\Users\GAME2\Documents\GitHub\CrossJam\Crossjam\Library\PackageCache\com.unity.visualscripting@1.7.8\Editor\VisualScripting.Core\Plugins\PluginManifest.cs:33 
  at Unity.VisualScripting.PluginManifest.get_versionMismatch () [0x00000] in C:\Users\GAME2\Documents\GitHub\CrossJam\Crossjam\Library\PackageCache\com.unity.visualscripting@1.7.8\Editor\VisualScripting.Core\Plugins\PluginManifest.cs:48 
  at Unity.VisualScripting.PluginContainer.Initialize () [0x00525] in C:\Users\GAME2\Documents\GitHub\CrossJam\Crossjam\Library\PackageCache\com.unity.visualscripting@1.7.8\Editor\VisualScripting.Core\Plugins\PluginContainer.cs:208 
  at Unity.VisualScripting.PluginContainer.InitializeOnLoad () [0x00009] in C:\Users\GAME2\Documents\GitHub\CrossJam\Crossjam\Library\PackageCache\com.unity.visualscripting@1.7.8\Editor\VisualScripting.Core\Plugins\PluginContainer.cs:32 
  at Unity.VisualScripting.VSUsageUtility.DoInitializeOnLoadCalls () [0x00034] in C:\Users\GAME2\Documents\GitHub\CrossJam\Crossjam\Library\PackageCache\com.unity.visualscripting@1.7.8\Editor\VisualScripting.Core\Utilities\VSUsageUtility.cs:76 
  at Unity.VisualScripting.VSUsageUtility.set_isVisualScriptingUsed (System.Boolean value) [0x0002c] in C:\Users\GAME2\Documents\GitHub\CrossJam\Crossjam\Library\PackageCache\com.unity.visualscripting@1.7.8\Editor\VisualScripting.Core\Utilities\VSUsageUtility.cs:114 
  at Unity.VisualScripting.VSUsageUtility.CheckAndSetIsVisualScriptingUsed () [0x00032] in C:\Users\GAME2\Documents\GitHub\CrossJam\Crossjam\Library\PackageCache\com.unity.visualscripting@1.7.8\Editor\VisualScripting.Core\Utilities\VSUsageUtility.cs:48 
  at Unity.VisualScripting.VSUsageUtility..cctor () [0x00000] in C:\Users\GAME2\Documents\GitHub\CrossJam\Crossjam\Library\PackageCache\com.unity.visualscripting@1.7.8\Editor\VisualScripting.Core\Utilities\VSUsageUtility.cs:22 
UnityEngine.StackTraceUtility:ExtractStackTrace ()
UnityEngine.DebugLogHandler:LogFormat (UnityEngine.LogType,UnityEngine.Object,string,object[])
UnityEngine.Logger:Log (UnityEngine.LogType,object)
UnityEngine.Debug:LogError (object)
UnityEditor.EditorAssemblies:ProcessInitializeOnLoadAttributes (System.Type[])

Mono: successfully reloaded assembly
- Completed reload, in  1.354 seconds
Domain Reload Profiling:
	ReloadAssembly (1355ms)
		BeginReloadAssembly (181ms)
			ExecutionOrderSort (0ms)
			DisableScriptedObjects (6ms)
			BackupInstance (0ms)
			ReleaseScriptingObjects (0ms)
			CreateAndSetChildDomain (119ms)
		EndReloadAssembly (1068ms)
			LoadAssemblies (53ms)
			RebuildTransferFunctionScriptingTraits (0ms)
			SetupTypeCache (238ms)
			ReleaseScriptCaches (0ms)
			RebuildScriptCaches (46ms)
			SetupLoadedEditorAssemblies (673ms)
				LogAssemblyErrors (0ms)
				InitializePlatformSupportModulesInManaged (15ms)
				SetLoadedEditorAssemblies (0ms)
				RefreshPlugins (1ms)
				BeforeProcessingInitializeOnLoad (80ms)
				ProcessInitializeOnLoadAttributes (549ms)
				ProcessInitializeOnLoadMethodAttributes (24ms)
				AfterProcessingInitializeOnLoad (4ms)
				EditorAssembliesLoaded (0ms)
			ExecutionOrderSort2 (0ms)
			AwakeInstancesAfterBackupRestoration (6ms)
Platform modules already initialized, skipping
========================================================================
Worker process is ready to serve import requests
Launched and connected shader compiler UnityShaderCompiler.exe after 0.03 seconds
Refreshing native plugins compatible for Editor in 0.46 ms, found 3 plugins.
Preloading 0 native plugins for Editor in 0.00 ms.
Unloading 3399 Unused Serialized files (Serialized files now loaded: 0)
Unloading 26 unused Assets / (86.4 KB). Loaded Objects now: 3879.
Memory consumption went from 131.0 MB to 130.9 MB.
Total: 7.748900 ms (FindLiveObjects: 0.164800 ms CreateObjectMapping: 0.065500 ms MarkObjects: 7.442400 ms  DeleteObjects: 0.075500 ms)

AssetImportParameters requested are different than current active one (requested -> active):
  custom:video-decoder-ogg-theora: a1e56fd34408186e4bbccfd4996cb3dc -> 
  custom:container-muxer-webm: aa71ff27fc2769a1b78a27578f13a17b -> 
  custom:container-demuxer-webm: 4f35f7cbe854078d1ac9338744f61a02 -> 
  custom:video-encoder-webm-vp8: eb34c28f22e8b96e1ab97ce403110664 -> 
  custom:audio-encoder-webm-vorbis: bf7c407c2cedff20999df2af8eb42d56 -> 
  custom:framework-win-MediaFoundation: 216162199b28c13a410421893ffa2e32 -> 
  custom:container-demuxer-ogg: 62fdf1f143b41e24485cea50d1cbac27 -> 
  custom:video-decoder-webm-vp8: 9c59270c3fd7afecdb556c50c9e8de78 -> 
  custom:audio-decoder-ogg-vorbis: bf7c407c2cedff20999df2af8eb42d56 -> 
========================================================================
Received Import Request.
  Time since last request: 550046.581396 seconds.
  path: Assets/Treys/Spaceships/Meshes/8.4.fbx
  artifactKey: Guid(2c0d9ef7bb948ad46a56bab348bf1312) Importer(815301076,1909f56bfc062723c751e8b465ee728b)
Start importing Assets/Treys/Spaceships/Meshes/8.4.fbx using Guid(2c0d9ef7bb948ad46a56bab348bf1312) Importer(815301076,1909f56bfc062723c751e8b465ee728b)  -> (artifact id: '0d2c98ae72fa8155a94810c76807aa33') in 0.143232 seconds 
========================================================================
Received Import Request.
  Time since last request: 0.548853 seconds.
  path: Assets/Treys/Spaceships/Meshes/13.1.fbx
  artifactKey: Guid(924a6ed7cfb0059448fffea6c9a9984b) Importer(815301076,1909f56bfc062723c751e8b465ee728b)
Start importing Assets/Treys/Spaceships/Meshes/13.1.fbx using Guid(924a6ed7cfb0059448fffea6c9a9984b) Importer(815301076,1909f56bfc062723c751e8b465ee728b)  -> (artifact id: 'c7935d2ea222ea352480f2d2f1721d31') in 0.022235 seconds 
========================================================================
Received Import Request.
  Time since last request: 0.055935 seconds.
  path: Assets/Treys/Spaceships/Meshes/12.4.fbx
  artifactKey: Guid(885b97de43da7484185b1f50b9c82a4c) Importer(815301076,1909f56bfc062723c751e8b465ee728b)
Start importing Assets/Treys/Spaceships/Meshes/12.4.fbx using Guid(885b97de43da7484185b1f50b9c82a4c) Importer(815301076,1909f56bfc062723c751e8b465ee728b)  -> (artifact id: 'f6f447b48f3531963c7455c974fd777d') in 0.021693 seconds 
========================================================================
Received Import Request.
  Time since last request: 7.608985 seconds.
  path: Assets/Asteroids pack/Materials
  artifactKey: Guid(bda8edd65cc324c14812a435c219b100) Importer(815301076,1909f56bfc062723c751e8b465ee728b)
Start importing Assets/Asteroids pack/Materials using Guid(bda8edd65cc324c14812a435c219b100) Importer(815301076,1909f56bfc062723c751e8b465ee728b)  -> (artifact id: '56e31c0f1c5a408324a7507441e409f6') in 0.002948 seconds 
========================================================================
Received Import Request.
  Time since last request: 12.916467 seconds.
  path: Assets/Asteroids pack/Materials/Skybox_Mat.mat
  artifactKey: Guid(030b9b454d6b44d409cbe6c4e3a8a501) Importer(815301076,1909f56bfc062723c751e8b465ee728b)
Start importing Assets/Asteroids pack/Materials/Skybox_Mat.mat using Guid(030b9b454d6b44d409cbe6c4e3a8a501) Importer(815301076,1909f56bfc062723c751e8b465ee728b)  -> (artifact id: '0a77f0e8f766f86b0fa6de0765967ea3') in 0.014985 seconds 
========================================================================
Received Import Request.
  Time since last request: 61.673206 seconds.
  path: Assets/Treys/Spaceships/Meshes/7.2.fbx
  artifactKey: Guid(98650e1a77f57a342a3bf139bdf9733f) Importer(815301076,1909f56bfc062723c751e8b465ee728b)
Start importing Assets/Treys/Spaceships/Meshes/7.2.fbx using Guid(98650e1a77f57a342a3bf139bdf9733f) Importer(815301076,1909f56bfc062723c751e8b465ee728b)  -> (artifact id: '20c502ed9e65020d84742a241dc10217') in 0.019394 seconds 
========================================================================
Received Import Request.
  Time since last request: 20.711154 seconds.
  path: Assets/StarfieldSpace/Material/StarfieldSpaceMaterial.mat
  artifactKey: Guid(7059cfdd72ab2b2418e78edd6f731cf7) Importer(815301076,1909f56bfc062723c751e8b465ee728b)
Start importing Assets/StarfieldSpace/Material/StarfieldSpaceMaterial.mat using Guid(7059cfdd72ab2b2418e78edd6f731cf7) Importer(815301076,1909f56bfc062723c751e8b465ee728b)  -> (artifact id: '4da8107657b4926f5a8f38a89345a113') in 0.560796 seconds 
========================================================================
Received Import Request.
  Time since last request: 3.298002 seconds.
  path: Assets/Treys/Spaceships/Materials/palette-01.mat
  artifactKey: Guid(d79a83adef48e0c41bf93a4d0491ac1d) Importer(815301076,1909f56bfc062723c751e8b465ee728b)
Start importing Assets/Treys/Spaceships/Materials/palette-01.mat using Guid(d79a83adef48e0c41bf93a4d0491ac1d) Importer(815301076,1909f56bfc062723c751e8b465ee728b)  -> (artifact id: 'ec3e664a802e31010eeed5b604274b88') in 0.021350 seconds 
========================================================================
Received Import Request.
  Time since last request: 1.783200 seconds.
  path: Assets/Treys/Spaceships/Meshes/5.1.fbx
  artifactKey: Guid(cec7e84fe0d6668498bb48c93c80c480) Importer(815301076,1909f56bfc062723c751e8b465ee728b)
Start importing Assets/Treys/Spaceships/Meshes/5.1.fbx using Guid(cec7e84fe0d6668498bb48c93c80c480) Importer(815301076,1909f56bfc062723c751e8b465ee728b)  -> (artifact id: '11925197a21c7d4c2fc4840fe7954b81') in 0.019942 seconds 
========================================================================
Received Import Request.
  Time since last request: 0.094644 seconds.
  path: Assets/Treys/Spaceships/Meshes/4.2.fbx
  artifactKey: Guid(55ac3fdefa83c6244b5fa92daebe0b5f) Importer(815301076,1909f56bfc062723c751e8b465ee728b)
Start importing Assets/Treys/Spaceships/Meshes/4.2.fbx using Guid(55ac3fdefa83c6244b5fa92daebe0b5f) Importer(815301076,1909f56bfc062723c751e8b465ee728b)  -> (artifact id: 'cf13fdb9c2194b3419f5ef2558adc5de') in 0.019546 seconds 
========================================================================
Received Import Request.
  Time since last request: 1.111342 seconds.
  path: Assets/Treys/Spaceships/Meshes/4.4.fbx
  artifactKey: Guid(5322c5652e91874478d1dfe14b15036f) Importer(815301076,1909f56bfc062723c751e8b465ee728b)
Start importing Assets/Treys/Spaceships/Meshes/4.4.fbx using Guid(5322c5652e91874478d1dfe14b15036f) Importer(815301076,1909f56bfc062723c751e8b465ee728b)  -> (artifact id: '5dcdf182ff9be8d8cfb47573175fa440') in 0.020701 seconds 
========================================================================
Received Import Request.
  Time since last request: 0.000018 seconds.
  path: Assets/Treys/Spaceships/Meshes/4.5.fbx
  artifactKey: Guid(b22ae9a5449d2f242b65e066911a640a) Importer(815301076,1909f56bfc062723c751e8b465ee728b)
Start importing Assets/Treys/Spaceships/Meshes/4.5.fbx using Guid(b22ae9a5449d2f242b65e066911a640a) Importer(815301076,1909f56bfc062723c751e8b465ee728b)  -> (artifact id: '1169c3479213609ff8805396cb00bcc0') in 0.019168 seconds 
========================================================================
Received Import Request.
  Time since last request: 0.037492 seconds.
  path: Assets/Treys/Spaceships/Meshes/13.4.fbx
  artifactKey: Guid(4461a324bd3efd24e83a09728780cb9b) Importer(815301076,1909f56bfc062723c751e8b465ee728b)
Start importing Assets/Treys/Spaceships/Meshes/13.4.fbx using Guid(4461a324bd3efd24e83a09728780cb9b) Importer(815301076,1909f56bfc062723c751e8b465ee728b)  -> (artifact id: '0e031d50f446af4686c1bd41fd5c9de0') in 0.019574 seconds 
========================================================================
Received Import Request.
  Time since last request: 0.055780 seconds.
  path: Assets/Treys/Spaceships/Meshes/5.5.fbx
  artifactKey: Guid(62eeeb40ca6bfe8459165a30566ccc04) Importer(815301076,1909f56bfc062723c751e8b465ee728b)
Start importing Assets/Treys/Spaceships/Meshes/5.5.fbx using Guid(62eeeb40ca6bfe8459165a30566ccc04) Importer(815301076,1909f56bfc062723c751e8b465ee728b)  -> (artifact id: '51817c8e1e297d2588e9d0a92cd2d237') in 0.019786 seconds 
========================================================================
Received Import Request.
  Time since last request: 0.408139 seconds.
  path: Assets/Treys/Spaceships/Meshes/6.2.fbx
  artifactKey: Guid(f03893cee48c246449ea78a04e5933e3) Importer(815301076,1909f56bfc062723c751e8b465ee728b)
Start importing Assets/Treys/Spaceships/Meshes/6.2.fbx using Guid(f03893cee48c246449ea78a04e5933e3) Importer(815301076,1909f56bfc062723c751e8b465ee728b)  -> (artifact id: '39ba6d512f455aa30c326549629fef4d') in 0.019412 seconds 
========================================================================
Received Import Request.
  Time since last request: 0.005077 seconds.
  path: Assets/Treys/Spaceships/Meshes/3.1.fbx
  artifactKey: Guid(2431b45c981a54345a8661e0b50c5e4e) Importer(815301076,1909f56bfc062723c751e8b465ee728b)
Start importing Assets/Treys/Spaceships/Meshes/3.1.fbx using Guid(2431b45c981a54345a8661e0b50c5e4e) Importer(815301076,1909f56bfc062723c751e8b465ee728b)  -> (artifact id: '11cc2affe93ba02194849abb55438a95') in 0.024959 seconds 
========================================================================
Received Import Request.
  Time since last request: 0.019558 seconds.
  path: Assets/Treys/Spaceships/Meshes/3.2.fbx
  artifactKey: Guid(cb525f6b08595e34d80affe26836c178) Importer(815301076,1909f56bfc062723c751e8b465ee728b)
Start importing Assets/Treys/Spaceships/Meshes/3.2.fbx using Guid(cb525f6b08595e34d80affe26836c178) Importer(815301076,1909f56bfc062723c751e8b465ee728b)  -> (artifact id: 'd3a62cf36d0c2a008ddf5ab12f72f344') in 0.019981 seconds 
========================================================================
Received Import Request.
  Time since last request: 0.016893 seconds.
  path: Assets/Treys/Spaceships/Meshes/2.5.fbx
  artifactKey: Guid(0cde40f99e807ed479a04e3a16492bf4) Importer(815301076,1909f56bfc062723c751e8b465ee728b)
Start importing Assets/Treys/Spaceships/Meshes/2.5.fbx using Guid(0cde40f99e807ed479a04e3a16492bf4) Importer(815301076,1909f56bfc062723c751e8b465ee728b)  -> (artifact id: 'c620b0f3b4db89257cf91af83585bcf3') in 0.019396 seconds 
========================================================================
Received Import Request.
  Time since last request: 0.046077 seconds.
  path: Assets/Treys/Spaceships/Meshes/2.3.fbx
  artifactKey: Guid(d261f834213a6454b812c51d722b2439) Importer(815301076,1909f56bfc062723c751e8b465ee728b)
Start importing Assets/Treys/Spaceships/Meshes/2.3.fbx using Guid(d261f834213a6454b812c51d722b2439) Importer(815301076,1909f56bfc062723c751e8b465ee728b)  -> (artifact id: '379d3aa03c7946af401e8ae9d49643a8') in 0.019245 seconds 
========================================================================
Received Import Request.
  Time since last request: 0.077536 seconds.
  path: Assets/Treys/Spaceships/Meshes/2.1.fbx
  artifactKey: Guid(4ebfda7f71102f0448881548a80d9a50) Importer(815301076,1909f56bfc062723c751e8b465ee728b)
Start importing Assets/Treys/Spaceships/Meshes/2.1.fbx using Guid(4ebfda7f71102f0448881548a80d9a50) Importer(815301076,1909f56bfc062723c751e8b465ee728b)  -> (artifact id: 'df9a8653f17d030563c97f847301cc85') in 0.021909 seconds 
========================================================================
Received Import Request.
  Time since last request: 1207.215778 seconds.
  path: Assets/Asteroids pack/Prefabs/Asteroid_1.prefab
  artifactKey: Guid(d57d6419728ca4fa486055a9b54eb326) Importer(815301076,1909f56bfc062723c751e8b465ee728b)
Start importing Assets/Asteroids pack/Prefabs/Asteroid_1.prefab using Guid(d57d6419728ca4fa486055a9b54eb326) Importer(815301076,1909f56bfc062723c751e8b465ee728b)  -> (artifact id: 'e6c6043868f9c4df1cea2dfac527cbdb') in 0.494445 seconds 
========================================================================
Received Import Request.
  Time since last request: 6.454080 seconds.
  path: Assets/Asteroids pack/Prefabs
  artifactKey: Guid(e0bdef070935245d2835e2bac0a9be0d) Importer(815301076,1909f56bfc062723c751e8b465ee728b)
Start importing Assets/Asteroids pack/Prefabs using Guid(e0bdef070935245d2835e2bac0a9be0d) Importer(815301076,1909f56bfc062723c751e8b465ee728b)  -> (artifact id: '8a2f2310abcda8be3759a8ccab34eb37') in 0.003799 seconds 
========================================================================
Received Import Request.
  Time since last request: 9.599030 seconds.
  path: Assets/Prefab
  artifactKey: Guid(e40e12c615a3f6c438dc75a517ee4902) Importer(815301076,1909f56bfc062723c751e8b465ee728b)
Start importing Assets/Prefab using Guid(e40e12c615a3f6c438dc75a517ee4902) Importer(815301076,1909f56bfc062723c751e8b465ee728b)  -> (artifact id: '491611c31e0ed8e03c7c80bdc35d34e4') in 0.003102 seconds 
========================================================================
Received Import Request.
  Time since last request: 0.064132 seconds.
  path: Assets/Prefab/Player.prefab
  artifactKey: Guid(ea3065d51048aef49951c463796f39c9) Importer(815301076,1909f56bfc062723c751e8b465ee728b)
Start importing Assets/Prefab/Player.prefab using Guid(ea3065d51048aef49951c463796f39c9) Importer(815301076,1909f56bfc062723c751e8b465ee728b)  -> (artifact id: '4576127843e40acdac022ec027f12dec') in 0.011447 seconds 
========================================================================
Received Import Request.
  Time since last request: 4.068118 seconds.
  path: Assets/Prefab/Tiles
  artifactKey: Guid(26b74bcf9ac2c714dac1d757a6034790) Importer(815301076,1909f56bfc062723c751e8b465ee728b)
Start importing Assets/Prefab/Tiles using Guid(26b74bcf9ac2c714dac1d757a6034790) Importer(815301076,1909f56bfc062723c751e8b465ee728b)  -> (artifact id: '08bdf4e642303f6672763fa09ca55617') in 0.002429 seconds 
========================================================================
Received Import Request.
  Time since last request: 0.070185 seconds.
  path: Assets/Prefab/Tiles/Tile1.prefab
  artifactKey: Guid(b6a5f4206d992a24488c570af25099ac) Importer(815301076,1909f56bfc062723c751e8b465ee728b)
Start importing Assets/Prefab/Tiles/Tile1.prefab using Guid(b6a5f4206d992a24488c570af25099ac) Importer(815301076,1909f56bfc062723c751e8b465ee728b)  -> (artifact id: 'a8d4e5dc85c042bad521b2e0ee4404b8') in 0.011254 seconds 
========================================================================
Received Import Request.
  Time since last request: 41.724284 seconds.
  path: Assets/triangle.png
  artifactKey: Guid(0081c8a5e2fa50e409f8957715a83030) Importer(815301076,1909f56bfc062723c751e8b465ee728b)
Start importing Assets/triangle.png using Guid(0081c8a5e2fa50e409f8957715a83030) Importer(815301076,1909f56bfc062723c751e8b465ee728b)  -> (artifact id: '0c0f16adb0d4cb7edc440015210d984d') in 0.061386 seconds 
========================================================================
Received Import Request.
  Time since last request: 58.286083 seconds.
  path: Packages/com.unity.collab-proxy/Editor/PlasticSCM/Assets/Images/buttonssosigninemail.png
  artifactKey: Guid(d24e7e0b75e1a244bb9687d6fd4315ef) Importer(815301076,1909f56bfc062723c751e8b465ee728b)
Start importing Packages/com.unity.collab-proxy/Editor/PlasticSCM/Assets/Images/buttonssosigninemail.png using Guid(d24e7e0b75e1a244bb9687d6fd4315ef) Importer(815301076,1909f56bfc062723c751e8b465ee728b)  -> (artifact id: 'bd53a7ca418b9fb82f8b979b3fa35f04') in 0.023444 seconds 
========================================================================
Received Import Request.
  Time since last request: 0.002564 seconds.
  path: Packages/com.unity.collab-proxy/Editor/PlasticSCM/Assets/Images/d_buttonssosigninemail.png
  artifactKey: Guid(3086d66a563317b40a20a20da2c64ac0) Importer(815301076,1909f56bfc062723c751e8b465ee728b)
Start importing Packages/com.unity.collab-proxy/Editor/PlasticSCM/Assets/Images/d_buttonssosigninemail.png using Guid(3086d66a563317b40a20a20da2c64ac0) Importer(815301076,1909f56bfc062723c751e8b465ee728b)  -> (artifact id: 'a48f0941ecb6e8069584cf742114a699') in 0.012543 seconds 
========================================================================
Received Import Request.
  Time since last request: 0.000018 seconds.
  path: Packages/com.unity.collab-proxy/Editor/PlasticSCM/Assets/Images/d_buttonssosigninemail@2x.png
  artifactKey: Guid(144aa74618b85974a9a50f612c2fa8fd) Importer(815301076,1909f56bfc062723c751e8b465ee728b)
Start importing Packages/com.unity.collab-proxy/Editor/PlasticSCM/Assets/Images/d_buttonssosigninemail@2x.png using Guid(144aa74618b85974a9a50f612c2fa8fd) Importer(815301076,1909f56bfc062723c751e8b465ee728b)  -> (artifact id: 'e790d23d3006887ce38539c9df60d0c9') in 0.014422 seconds 
========================================================================
Received Import Request.
  Time since last request: 0.000018 seconds.
  path: Packages/com.unity.collab-proxy/Editor/PlasticSCM/Assets/Images/d_cloudbuhochristmas.png
  artifactKey: Guid(70632ddfe8e71b04b8f90ef7e29a9e98) Importer(815301076,1909f56bfc062723c751e8b465ee728b)
Start importing Packages/com.unity.collab-proxy/Editor/PlasticSCM/Assets/Images/d_cloudbuhochristmas.png using Guid(70632ddfe8e71b04b8f90ef7e29a9e98) Importer(815301076,1909f56bfc062723c751e8b465ee728b)  -> (artifact id: '1d2e03abd04d032591226478c98667fa') in 0.019252 seconds 
========================================================================
Received Import Request.
  Time since last request: 0.000020 seconds.
  path: Packages/com.unity.collab-proxy/Editor/PlasticSCM/Assets/Images/buttonssosigningoogle.png
  artifactKey: Guid(f09eae8c0ea04254b90c5386a034a225) Importer(815301076,1909f56bfc062723c751e8b465ee728b)
Start importing Packages/com.unity.collab-proxy/Editor/PlasticSCM/Assets/Images/buttonssosigningoogle.png using Guid(f09eae8c0ea04254b90c5386a034a225) Importer(815301076,1909f56bfc062723c751e8b465ee728b)  -> (artifact id: '8ea3981e7aa709b70aa122b443d4bec0') in 0.010911 seconds 
Editor requested this worker to shutdown with reason: Scaling down because of idle timeout
AssetImportWorker is now disconnected from the server
Process exiting
Exiting without the bug reporter. Application will terminate with return code 0